<?xml version="1.0" encoding="UTF-8"?>
<testng-results ignored="0" total="1" passed="1" failed="0" skipped="0">
  <reporter-output>
  </reporter-output>
  <suite started-at="2024-04-18T09:06:35 IST" name="Default suite" finished-at="2024-04-18T09:07:04 IST" duration-ms="28478">
    <groups>
      <group name="cucumber">
        <method signature="AbstractTestNGCucumberTests.runScenario(io.cucumber.testng.PickleWrapper,io.cucumber.testng.FeatureWrapper)[pri:0, instance:TestRunner.APRunner@48e1f6c7]" name="runScenario" class="io.cucumber.testng.AbstractTestNGCucumberTests"/>
      </group> <!-- cucumber -->
    </groups>
    <test started-at="2024-04-18T09:06:35 IST" name="Default test" finished-at="2024-04-18T09:07:04 IST" duration-ms="28478">
      <class name="TestRunner.APRunner">
        <test-method is-config="true" signature="setUpClass(org.testng.ITestContext)[pri:0, instance:TestRunner.APRunner@48e1f6c7]" started-at="2024-04-18T09:06:35 IST" name="setUpClass" finished-at="2024-04-18T09:06:36 IST" duration-ms="462" status="PASS">
          <params>
            <param index="0">
              <value>
                <![CDATA[org.testng.TestRunner@4228bf58]]>
              </value>
            </param>
          </params>
          <reporter-output>
          </reporter-output>
        </test-method> <!-- setUpClass -->
        <test-method signature="runScenario(io.cucumber.testng.PickleWrapper,io.cucumber.testng.FeatureWrapper)[pri:0, instance:TestRunner.APRunner@48e1f6c7]" started-at="2024-04-18T09:06:36 IST" name="runScenario" description="Runs Cucumber Scenarios" data-provider="scenarios" finished-at="2024-04-18T09:07:04 IST" duration-ms="27918" status="PASS">
          <params>
            <param index="0">
              <value>
                <![CDATA["To validate Register a complaint functionality"]]>
              </value>
            </param>
            <param index="1">
              <value>
                <![CDATA["To test AsianPaints functionality"]]>
              </value>
            </param>
          </params>
          <reporter-output>
          </reporter-output>
        </test-method> <!-- runScenario -->
        <test-method is-config="true" signature="tearDownClass()[pri:0, instance:TestRunner.APRunner@48e1f6c7]" started-at="2024-04-18T09:07:04 IST" name="tearDownClass" finished-at="2024-04-18T09:07:04 IST" duration-ms="5" status="PASS">
          <reporter-output>
          </reporter-output>
        </test-method> <!-- tearDownClass -->
      </class> <!-- TestRunner.APRunner -->
    </test> <!-- Default test -->
  </suite> <!-- Default suite -->
</testng-results>
